[debug] [2024-09-22T05:37:33.528Z] ----------------------------------------------------------------------
[debug] [2024-09-22T05:37:33.529Z] Command:       /Users/yugank/.nvm/versions/node/v18.17.1/bin/node /Users/yugank/.nvm/versions/node/v18.17.1/bin/firebase deploy
[debug] [2024-09-22T05:37:33.529Z] CLI Version:   13.6.0
[debug] [2024-09-22T05:37:33.529Z] Platform:      darwin
[debug] [2024-09-22T05:37:33.529Z] Node Version:  v18.17.1
[debug] [2024-09-22T05:37:33.530Z] Time:          Sun Sep 22 2024 11:07:33 GMT+0530 (India Standard Time)
[debug] [2024-09-22T05:37:33.530Z] ----------------------------------------------------------------------
[debug] 
[debug] [2024-09-22T05:37:33.565Z] > command requires scopes: ["email","openid","https://www.googleapis.com/auth/cloudplatformprojects.readonly","https://www.googleapis.com/auth/firebase","https://www.googleapis.com/auth/cloud-platform"]
[debug] [2024-09-22T05:37:33.565Z] > authorizing via signed-in user (yuganksingh05@gmail.com)
[debug] [2024-09-22T05:37:33.565Z] [iam] checking project aru-foundation for permissions ["firebase.projects.get","firebasehosting.sites.update"]
[debug] [2024-09-22T05:37:33.566Z] >>> [apiv2][query] POST https://cloudresourcemanager.googleapis.com/v1/projects/aru-foundation:testIamPermissions [none]
[debug] [2024-09-22T05:37:33.566Z] >>> [apiv2][(partial)header] POST https://cloudresourcemanager.googleapis.com/v1/projects/aru-foundation:testIamPermissions x-goog-quota-user=projects/aru-foundation
[debug] [2024-09-22T05:37:33.567Z] >>> [apiv2][body] POST https://cloudresourcemanager.googleapis.com/v1/projects/aru-foundation:testIamPermissions {"permissions":["firebase.projects.get","firebasehosting.sites.update"]}
[debug] [2024-09-22T05:37:37.282Z] <<< [apiv2][status] POST https://cloudresourcemanager.googleapis.com/v1/projects/aru-foundation:testIamPermissions 200
[debug] [2024-09-22T05:37:37.283Z] <<< [apiv2][body] POST https://cloudresourcemanager.googleapis.com/v1/projects/aru-foundation:testIamPermissions {"permissions":["firebase.projects.get","firebasehosting.sites.update"]}
[debug] [2024-09-22T05:37:37.285Z] >>> [apiv2][query] GET https://firebase.googleapis.com/v1beta1/projects/aru-foundation [none]
[debug] [2024-09-22T05:37:39.639Z] <<< [apiv2][status] GET https://firebase.googleapis.com/v1beta1/projects/aru-foundation 200
[debug] [2024-09-22T05:37:39.639Z] <<< [apiv2][body] GET https://firebase.googleapis.com/v1beta1/projects/aru-foundation {"projectId":"aru-foundation","projectNumber":"985864193287","displayName":"aru-foundation","name":"projects/aru-foundation","resources":{"hostingSite":"aru-foundation"},"state":"ACTIVE","etag":"1_fc849830-46ab-41b9-aab8-58fdbfd2dfbb"}
[info] 
[info] === Deploying to 'aru-foundation'...
[info] 
[info] i  deploying hosting 
[debug] [2024-09-22T05:37:39.648Z] >>> [apiv2][query] POST https://firebasehosting.googleapis.com/v1beta1/projects/-/sites/aru-foundation/versions [none]
[debug] [2024-09-22T05:37:39.648Z] >>> [apiv2][body] POST https://firebasehosting.googleapis.com/v1beta1/projects/-/sites/aru-foundation/versions {"status":"CREATED","labels":{"deployment-tool":"cli-firebase"}}
[debug] [2024-09-22T05:37:44.982Z] <<< [apiv2][status] POST https://firebasehosting.googleapis.com/v1beta1/projects/-/sites/aru-foundation/versions 200
[debug] [2024-09-22T05:37:44.983Z] <<< [apiv2][body] POST https://firebasehosting.googleapis.com/v1beta1/projects/-/sites/aru-foundation/versions {"name":"projects/985864193287/sites/aru-foundation/versions/69a6d176fc8942b7","status":"CREATED","config":{},"labels":{"deployment-tool":"cli-firebase"}}
[info] i  hosting[aru-foundation]: beginning deploy... 
[info] i  hosting[aru-foundation]: found 32 files in out 
[debug] [2024-09-22T05:37:44.997Z] [hosting] uploading with 200 concurrency
[debug] [2024-09-22T05:37:45.003Z] [hosting] hash cache [b3V0] stored for 32 files
[debug] [2024-09-22T05:37:45.003Z] [hosting][hash queue][FINAL] {"max":2,"min":0,"avg":0,"active":0,"complete":32,"success":32,"errored":0,"retried":0,"total":32,"elapsed":3}
[debug] [2024-09-22T05:37:45.004Z] >>> [apiv2][query] POST https://firebasehosting.googleapis.com/v1beta1/projects/985864193287/sites/aru-foundation/versions/69a6d176fc8942b7:populateFiles [none]
[debug] [2024-09-22T05:37:45.004Z] >>> [apiv2][body] POST https://firebasehosting.googleapis.com/v1beta1/projects/985864193287/sites/aru-foundation/versions/69a6d176fc8942b7:populateFiles {"files":{"/404.html":"3847586e5f2400d90f93cc53c901996d5f143a7f115e10afa0d47acbb3d882de","/Untitled_design_1_-removebg-preview_1(3).svg":"7bee6f1e5562337efa866a1a1c7595dfac860cc5e5dc17323466e68526325696","/favicon.ico":"0675e185e6651e60a466d793c70aa97c650cb8c00f587701564666d0d9e4a06a","/index.html":"4acb93b2cddbc5686b237a428d11cee5fc84cadae7d9d1d237d70056b175d311","/next.svg":"33c5c6ad1d08bb69d8026289530e377b4d6e2a96f24562e209fd1e1e9ccee64a","/vercel.svg":"4b9c0f01017bb87197f2ae0bd9717239fadf854131b34cce7b0f74ff6d513a4b","/_next/static/FN2yCJzq5QTVuuxVsierm/_buildManifest.js":"cbdd021c1e6a37969789e73ec4da43e7358cf9b8668d46ba37712574ea9a5d0d","/_next/static/FN2yCJzq5QTVuuxVsierm/_ssgManifest.js":"5c126729f9831113842c425975615db312fa26d39f3a9e1baa47d4ad65ac2f90","/_next/static/chunks/framework-5429a50ba5373c56.js":"f5433b7ead9519f6a1de1c787a979549c715d76ce91de3deaf7d95042985b13b","/_next/static/chunks/main-e24b4219d45d8163.js":"4387adcd7f0fb0c780cb3eaa302bb5957672b3ffe2076f4de29427c303a0b7ff","/_next/static/chunks/polyfills-c67a75d1b6f99dc8.js":"aba23275a3c1380bfc8d467fd921b0c209e7182dbdaa02611c3a496b0b3b34ec","/_next/static/chunks/webpack-8fa1640cc84ba8fe.js":"40453a48516ef2e75371b48e3d9ce6a8d06a6cff04aa518e55e96c96fde1a832","/_next/static/chunks/pages/_app-8051218e1ac7fb63.js":"a694a7e8101caa5dbe95659990540fe0b1668128bb6f9e6b70c18f5629312d7f","/_next/static/chunks/pages/_error-5a00309fd5f4b49e.js":"05599164f586f6d0b32a0e02aef83b1f45d05428379355462c0cadecc89e380a","/_next/static/chunks/pages/index-9cccbd83bab15345.js":"12b8ea67781f1a8446c90667e9a54794b2664fe8c1ba383e15cec90a7eb239e5","/_next/static/css/327d876f607daf8a.css":"94b2616a9f7704f962337c51d7563ba37c52e12d6ee92657f0c7b96dcfc1e655","/_next/static/css/86b99e13f4434174.css":"16a2eb865866a8204856a0ee7bfeca4d229cf54bcbd50ff420eadf81be6a114f","/images/button-bg.jpg":"8365c21ec7718acec7c43fb8dfb8eacac326bdc14d1f0a0322e1140db8039d4f","/images/button-bg.png":"d3b711771bcf316ae0d1efe04999d004cca8841750be8c6d2220935ae29af763","/images/donate-bg-1.png":"01b7588a13c8ad1befe0e0219db1198a70f196a46cbb067121808e7f784e12d4","/images/donate-fg.jpg":"ee20ea70a395ac1c62dba02893f6cc74c132ec4446e3a5c5991975dd5060f62e","/images/donate-fg.png":"94a51eb064c9dc4a60c3ac5807fa757b4632836fa51dcb99153c7e55ea36fc7d","/images/hero-bg-1.jpg":"7e625c25fe4e400c10e3cf3100b3399520cc1e27d604551101b6f8c5590c2c02","/images/hero-bg-1.png":"bc48d284b2d484f03ea21125557d0e13e0878deec3ba26596400c187ed44b024","/images/hero-bg.jpg":"759be409ab9bd02269fc8a2652c67867090536b3ad2c213b7b55033675ddbeb5","/images/kid-in-classroom-1.jpeg":"7e05bd89c02acbfbf1ec7802534aa9f501f7d6fc89f2d927e142ac4d8c26acec","/images/kid-in-classroom.jpeg":"f11b7cc3beacf73f41d160c4a03fb79ceb261e847e774ea6ec06962b594f00a2","/images/kid.jpg":"d19e72f1a4259e9e83f288bb068995355aebf7a74b11032e940dc58711acb5be","/images/lady-working.jpg":"93f4373005b6e54f3c3b456838eb1ff68237ca4ef073a4b1584e15d07e4f08ea","/images/logo-white.png":"ac7f322015ddf490a87bceac2ac3b20709de6d647d48a5f301697fcf9b622497","/images/majdoori.jpeg":"79d24a503d0e50806a9f3b4ee0d705a178efeb9dd86fc2055a3ec36033699c26","/images/old-lady.webp":"9ac5c908e833e07319e5087f8840827ab42eca3a139a0697b42a5f03aaef0dd7"}}
